[debug] [2025-12-07T10:00:17.352Z] ----------------------------------------------------------------------
[debug] [2025-12-07T10:00:17.354Z] Command:       /nix/store/ws50yvm6vzlzf7jzz6n7xh4szddrack1-nodejs-20.19.1/bin/node /nix/store/c776mhyhgykcld7p90ajrka149ifn61a-firebase-tools-14.26.0/lib/node_modules/firebase-tools/lib/bin/firebase.js deploy --only hosting
[debug] [2025-12-07T10:00:17.355Z] CLI Version:   14.26.0
[debug] [2025-12-07T10:00:17.355Z] Platform:      linux
[debug] [2025-12-07T10:00:17.355Z] Node Version:  v20.19.1
[debug] [2025-12-07T10:00:17.355Z] Time:          Sun Dec 07 2025 10:00:17 GMT+0000 (Coordinated Universal Time)
[debug] [2025-12-07T10:00:17.355Z] ----------------------------------------------------------------------
[debug] 
[debug] [2025-12-07T10:00:17.358Z] >>> [apiv2][query] GET https://firebase-public.firebaseio.com/cli.json [none]
[debug] [2025-12-07T10:00:17.811Z] Checked if tokens are valid: false, expires at: 1763355627382
[debug] [2025-12-07T10:00:17.811Z] Checked if tokens are valid: false, expires at: 1763355627382
[debug] [2025-12-07T10:00:17.812Z] > refreshing access token with scopes: []
[debug] [2025-12-07T10:00:17.813Z] >>> [apiv2][query] POST https://www.googleapis.com/oauth2/v3/token [none]
[debug] [2025-12-07T10:00:17.813Z] >>> [apiv2][body] POST https://www.googleapis.com/oauth2/v3/token [omitted]
[debug] [2025-12-07T10:00:17.884Z] <<< [apiv2][status] POST https://www.googleapis.com/oauth2/v3/token 200
[debug] [2025-12-07T10:00:17.884Z] <<< [apiv2][body] POST https://www.googleapis.com/oauth2/v3/token [omitted]
[debug] [2025-12-07T10:00:17.897Z] >>> [apiv2][query] GET https://monospace-pa.googleapis.com/v1/workspaces/quiz-maker-89680006 [none]
[debug] [2025-12-07T10:00:18.701Z] <<< [apiv2][status] GET https://monospace-pa.googleapis.com/v1/workspaces/quiz-maker-89680006 200
[debug] [2025-12-07T10:00:18.702Z] <<< [apiv2][body] GET https://monospace-pa.googleapis.com/v1/workspaces/quiz-maker-89680006 {"workspaceId":"quiz-maker-89680006","name":"quiz-maker","workspaceRedirectUrl":"firebase-quiz-maker-1763351690492.cluster-y75up3teuvc62qmnwys4deqv6y.cloudworkstations.dev","status":"WORKSPACE_STATUS_RUNNING","lastAccessDatetime":"2025-12-07T09:54:30.082744Z","workspaceTemplate":"WORKSPACE_TEMPLATE_BLANK_WEB","owner":"SELF","serviceAccountEmail":"msp-4319365211557734999@monospace-per-ws-sa-9.iam.gserviceaccount.com","gitRepoUrl":"https://github.com/Jenadebashis/quiz-maker","enableNix":true,"ownerEmail":"debashisjena100@gmail.com","workstationAccessToken":"eyJhbGciOiJSUzI1NiIsInR5cCI6IkpXVCJ9.eyJpc3MiOiJodHRwczovL2Nsb3VkLmdvb2dsZS5jb20vd29ya3N0YXRpb25zIiwiYXVkIjoiZmlyZWJhc2UtcXVpei1tYWtlci0xNzYzMzUxNjkwNDkyLmNsdXN0ZXIteTc1dXAzdGV1dmM2MnFtbnd5czRkZXF2NnkuY2xvdWR3b3Jrc3RhdGlvbnMuZGV2IiwiaWF0IjoxNzY1MTAxNjE4LCJleHAiOjE3NjUxODgwMTh9.TR88uN-6FjDotnOWBsLVpP0yuW49p3_ifc2MQOANriFa5AcaB6O_UqHojiyCenjd7T5pAt3CTz9d4EFqLXVwMUSV2txbXAg126BhpmT6yemCdig5qUljDZOwr3GSXQYYxIuxNEi_lLVrjmQmhjzKWe0ON8boV3W-F8JfnmT56yzmRWS6auQWA520BeeoDcHRfxFKPHFSmYqVV6CUXk2Ctm4H1V_-T7bq9dPwiJMzBIbQu7NtPstEFFAZd4EVGUPtehlATTC98lY0Os0kqiI1Je1iZ6I4lDDgAmf_zgTjImVBNPj2fMKLWsOh2RA0-HdOH8d03_aqSYEezfYzPxabhA","firebaseProjectId":"quiz-maker-89680006-a9296"}
[debug] [2025-12-07T10:00:18.913Z] <<< [apiv2][status] GET https://firebase-public.firebaseio.com/cli.json 200
[debug] [2025-12-07T10:00:18.913Z] <<< [apiv2][body] GET https://firebase-public.firebaseio.com/cli.json {"cloudBuildErrorAfter":1594252800000,"cloudBuildWarnAfter":1590019200000,"defaultNode10After":1594252800000,"minVersion":"3.0.5","node8DeploysDisabledAfter":1613390400000,"node8RuntimeDisabledAfter":1615809600000,"node8WarnAfter":1600128000000}
